2023-10-15T09:40:19.968+09:00  INFO 23016 --- [restartedMain] kr.co.lotteon.LotteOnApplication         : Starting LotteOnApplication using Java 17.0.7 with PID 23016 (C:\Users\chhak\Desktop\Workspace\LotteON\build\classes\java\main started by chhak in C:\Users\chhak\Desktop\Workspace\LotteON)
2023-10-15T09:40:19.971+09:00  INFO 23016 --- [restartedMain] kr.co.lotteon.LotteOnApplication         : No active profile set, falling back to 1 default profile: "default"
2023-10-15T09:40:20.016+09:00  INFO 23016 --- [restartedMain] .e.DevToolsPropertyDefaultsPostProcessor : Devtools property defaults active! Set 'spring.devtools.add-properties' to 'false' to disable
2023-10-15T09:40:20.017+09:00  INFO 23016 --- [restartedMain] .e.DevToolsPropertyDefaultsPostProcessor : For additional web related logging consider setting the 'logging.level.web' property to 'DEBUG'
2023-10-15T09:40:20.628+09:00  INFO 23016 --- [restartedMain] .s.d.r.c.RepositoryConfigurationDelegate : Bootstrapping Spring Data JPA repositories in DEFAULT mode.
2023-10-15T09:40:20.643+09:00  INFO 23016 --- [restartedMain] .s.d.r.c.RepositoryConfigurationDelegate : Finished Spring Data repository scanning in 6 ms. Found 0 JPA repository interfaces.
2023-10-15T09:40:20.780+09:00  WARN 23016 --- [restartedMain] o.m.s.mapper.ClassPathMapperScanner      : No MyBatis mapper was found in '[kr.co.lotteon]' package. Please check your configuration.
2023-10-15T09:40:21.351+09:00  INFO 23016 --- [restartedMain] o.s.b.w.embedded.tomcat.TomcatWebServer  : Tomcat initialized with port(s): 8080 (http)
2023-10-15T09:40:21.362+09:00  INFO 23016 --- [restartedMain] o.apache.catalina.core.StandardService   : Starting service [Tomcat]
2023-10-15T09:40:21.362+09:00  INFO 23016 --- [restartedMain] o.apache.catalina.core.StandardEngine    : Starting Servlet engine: [Apache Tomcat/10.1.13]
2023-10-15T09:40:21.439+09:00  INFO 23016 --- [restartedMain] o.a.c.c.C.[.[localhost].[/LotteON]       : Initializing Spring embedded WebApplicationContext
2023-10-15T09:40:21.440+09:00  INFO 23016 --- [restartedMain] w.s.c.ServletWebServerApplicationContext : Root WebApplicationContext: initialization completed in 1422 ms
2023-10-15T09:40:21.631+09:00  INFO 23016 --- [restartedMain] o.hibernate.jpa.internal.util.LogHelper  : HHH000204: Processing PersistenceUnitInfo [name: default]
2023-10-15T09:40:21.697+09:00  INFO 23016 --- [restartedMain] org.hibernate.Version                    : HHH000412: Hibernate ORM core version 6.2.9.Final
2023-10-15T09:40:21.699+09:00  INFO 23016 --- [restartedMain] org.hibernate.cfg.Environment            : HHH000406: Using bytecode reflection optimizer
2023-10-15T09:40:21.840+09:00  INFO 23016 --- [restartedMain] o.h.b.i.BytecodeProviderInitiator        : HHH000021: Bytecode provider name : bytebuddy
2023-10-15T09:40:22.010+09:00  INFO 23016 --- [restartedMain] o.s.o.j.p.SpringPersistenceUnitInfo      : No LoadTimeWeaver setup: ignoring JPA class transformer
2023-10-15T09:40:22.027+09:00  INFO 23016 --- [restartedMain] com.zaxxer.hikari.HikariDataSource       : HikariPool-1 - Starting...
2023-10-15T09:40:22.295+09:00  INFO 23016 --- [restartedMain] com.zaxxer.hikari.pool.HikariPool        : HikariPool-1 - Added connection com.mysql.cj.jdbc.ConnectionImpl@5416e836
2023-10-15T09:40:22.297+09:00  INFO 23016 --- [restartedMain] com.zaxxer.hikari.HikariDataSource       : HikariPool-1 - Start completed.
2023-10-15T09:40:22.325+09:00  WARN 23016 --- [restartedMain] org.hibernate.orm.deprecation            : HHH90000026: MySQL57Dialect has been deprecated; use org.hibernate.dialect.MySQLDialect instead
2023-10-15T09:40:22.418+09:00  INFO 23016 --- [restartedMain] o.h.b.i.BytecodeProviderInitiator        : HHH000021: Bytecode provider name : bytebuddy
2023-10-15T09:40:22.615+09:00  INFO 23016 --- [restartedMain] o.h.e.t.j.p.i.JtaPlatformInitiator       : HHH000490: Using JtaPlatform implementation: [org.hibernate.engine.transaction.jta.platform.internal.NoJtaPlatform]
2023-10-15T09:40:22.620+09:00  INFO 23016 --- [restartedMain] j.LocalContainerEntityManagerFactoryBean : Initialized JPA EntityManagerFactory for persistence unit 'default'
2023-10-15T09:40:22.659+09:00  WARN 23016 --- [restartedMain] JpaBaseConfiguration$JpaWebConfiguration : spring.jpa.open-in-view is enabled by default. Therefore, database queries may be performed during view rendering. Explicitly configure spring.jpa.open-in-view to disable this warning
2023-10-15T09:40:22.819+09:00  INFO 23016 --- [restartedMain] o.s.b.a.w.s.WelcomePageHandlerMapping    : Adding welcome page template: index
2023-10-15T09:40:23.283+09:00  INFO 23016 --- [restartedMain] o.s.s.web.DefaultSecurityFilterChain     : Will secure any request with [org.springframework.security.web.session.DisableEncodeUrlFilter@248fac6c, org.springframework.security.web.context.request.async.WebAsyncManagerIntegrationFilter@2b0a74ba, org.springframework.security.web.context.SecurityContextHolderFilter@42c6112f, org.springframework.security.web.header.HeaderWriterFilter@37843f2, org.springframework.security.web.csrf.CsrfFilter@7fed53f8, org.springframework.security.web.authentication.logout.LogoutFilter@720ce61d, org.springframework.security.web.authentication.UsernamePasswordAuthenticationFilter@2f24b8f2, org.springframework.security.web.authentication.ui.DefaultLoginPageGeneratingFilter@3a4ae4f0, org.springframework.security.web.authentication.ui.DefaultLogoutPageGeneratingFilter@21b04495, org.springframework.security.web.authentication.www.BasicAuthenticationFilter@597ade11, org.springframework.security.web.savedrequest.RequestCacheAwareFilter@16c9a92, org.springframework.security.web.servletapi.SecurityContextHolderAwareRequestFilter@5a5bba99, org.springframework.security.web.authentication.AnonymousAuthenticationFilter@40a3b3cd, org.springframework.security.web.access.ExceptionTranslationFilter@72f9a91f, org.springframework.security.web.access.intercept.AuthorizationFilter@1dc9c02]
2023-10-15T09:40:23.353+09:00  INFO 23016 --- [restartedMain] o.s.b.d.a.OptionalLiveReloadServer       : LiveReload server is running on port 35729
2023-10-15T09:40:23.382+09:00  INFO 23016 --- [restartedMain] o.s.b.w.embedded.tomcat.TomcatWebServer  : Tomcat started on port(s): 8080 (http) with context path '/LotteON'
2023-10-15T09:40:23.391+09:00  INFO 23016 --- [restartedMain] kr.co.lotteon.LotteOnApplication         : Started LotteOnApplication in 3.8 seconds (process running for 4.311)
2023-10-15T09:40:41.506+09:00  INFO 23016 --- [http-nio-8080-exec-5] o.a.c.c.C.[.[localhost].[/LotteON]       : Initializing Spring DispatcherServlet 'dispatcherServlet'
2023-10-15T09:40:41.507+09:00  INFO 23016 --- [http-nio-8080-exec-5] o.s.web.servlet.DispatcherServlet        : Initializing Servlet 'dispatcherServlet'
2023-10-15T09:40:41.508+09:00  INFO 23016 --- [http-nio-8080-exec-5] o.s.web.servlet.DispatcherServlet        : Completed initialization in 1 ms
2023-10-15T09:40:41.516+09:00 DEBUG 23016 --- [http-nio-8080-exec-5] o.s.security.web.FilterChainProxy        : Securing GET /
2023-10-15T09:40:41.526+09:00 DEBUG 23016 --- [http-nio-8080-exec-5] o.s.s.w.a.AnonymousAuthenticationFilter  : Set SecurityContextHolder to anonymous SecurityContext
2023-10-15T09:40:41.583+09:00 DEBUG 23016 --- [http-nio-8080-exec-5] o.s.s.w.s.HttpSessionRequestCache        : Saved request http://localhost:8080/LotteON/?continue to session
2023-10-15T09:40:41.586+09:00 DEBUG 23016 --- [http-nio-8080-exec-5] s.w.a.DelegatingAuthenticationEntryPoint : Trying to match using And [Not [RequestHeaderRequestMatcher [expectedHeaderName=X-Requested-With, expectedHeaderValue=XMLHttpRequest]], MediaTypeRequestMatcher [contentNegotiationStrategy=org.springframework.web.accept.ContentNegotiationManager@3ee58b6d, matchingMediaTypes=[application/xhtml+xml, image/*, text/html, text/plain], useEquals=false, ignoredMediaTypes=[*/*]]]
2023-10-15T09:40:41.586+09:00 DEBUG 23016 --- [http-nio-8080-exec-5] s.w.a.DelegatingAuthenticationEntryPoint : Match found! Executing org.springframework.security.web.authentication.LoginUrlAuthenticationEntryPoint@4459a58c
2023-10-15T09:40:41.587+09:00 DEBUG 23016 --- [http-nio-8080-exec-5] o.s.s.web.DefaultRedirectStrategy        : Redirecting to http://localhost:8080/LotteON/login
2023-10-15T09:40:41.592+09:00 DEBUG 23016 --- [http-nio-8080-exec-6] o.s.security.web.FilterChainProxy        : Securing GET /login
2023-10-15T09:40:45.496+09:00 DEBUG 23016 --- [http-nio-8080-exec-7] o.s.security.web.FilterChainProxy        : Securing POST /login
2023-10-15T09:40:45.559+09:00 DEBUG 23016 --- [http-nio-8080-exec-7] o.s.s.a.dao.DaoAuthenticationProvider    : Failed to authenticate since password does not match stored value
2023-10-15T09:40:45.563+09:00 DEBUG 23016 --- [http-nio-8080-exec-7] o.s.s.web.DefaultRedirectStrategy        : Redirecting to /LotteON/login?error
2023-10-15T09:40:45.567+09:00 DEBUG 23016 --- [http-nio-8080-exec-8] o.s.security.web.FilterChainProxy        : Securing GET /login?error
2023-10-15T09:40:48.575+09:00 DEBUG 23016 --- [http-nio-8080-exec-9] o.s.security.web.FilterChainProxy        : Securing POST /login
2023-10-15T09:40:48.632+09:00 DEBUG 23016 --- [http-nio-8080-exec-9] o.s.s.a.dao.DaoAuthenticationProvider    : Authenticated user
2023-10-15T09:40:48.633+09:00 DEBUG 23016 --- [http-nio-8080-exec-9] .s.ChangeSessionIdAuthenticationStrategy : Changed session id from 997720968D73003B19ADD90DCEAB23B0
2023-10-15T09:40:48.634+09:00 DEBUG 23016 --- [http-nio-8080-exec-9] o.s.s.w.csrf.CsrfAuthenticationStrategy  : Replaced CSRF Token
2023-10-15T09:40:48.635+09:00 DEBUG 23016 --- [http-nio-8080-exec-9] w.c.HttpSessionSecurityContextRepository : Stored SecurityContextImpl [Authentication=UsernamePasswordAuthenticationToken [Principal=org.springframework.security.core.userdetails.User [Username=user, Password=[PROTECTED], Enabled=true, AccountNonExpired=true, credentialsNonExpired=true, AccountNonLocked=true, Granted Authorities=[]], Credentials=[PROTECTED], Authenticated=true, Details=WebAuthenticationDetails [RemoteIpAddress=0:0:0:0:0:0:0:1, SessionId=997720968D73003B19ADD90DCEAB23B0], Granted Authorities=[]]] to HttpSession [org.apache.catalina.session.StandardSessionFacade@f01c377]
2023-10-15T09:40:48.635+09:00 DEBUG 23016 --- [http-nio-8080-exec-9] w.a.UsernamePasswordAuthenticationFilter : Set SecurityContextHolder to UsernamePasswordAuthenticationToken [Principal=org.springframework.security.core.userdetails.User [Username=user, Password=[PROTECTED], Enabled=true, AccountNonExpired=true, credentialsNonExpired=true, AccountNonLocked=true, Granted Authorities=[]], Credentials=[PROTECTED], Authenticated=true, Details=WebAuthenticationDetails [RemoteIpAddress=0:0:0:0:0:0:0:1, SessionId=997720968D73003B19ADD90DCEAB23B0], Granted Authorities=[]]
2023-10-15T09:40:48.635+09:00 DEBUG 23016 --- [http-nio-8080-exec-9] o.s.s.web.DefaultRedirectStrategy        : Redirecting to http://localhost:8080/LotteON/?continue
2023-10-15T09:40:48.638+09:00 DEBUG 23016 --- [http-nio-8080-exec-10] o.s.security.web.FilterChainProxy        : Securing GET /?continue
2023-10-15T09:40:48.643+09:00 DEBUG 23016 --- [http-nio-8080-exec-10] o.s.s.w.s.HttpSessionRequestCache        : Loaded matching saved request http://localhost:8080/LotteON/?continue
2023-10-15T09:40:48.644+09:00 DEBUG 23016 --- [http-nio-8080-exec-10] w.c.HttpSessionSecurityContextRepository : Retrieved SecurityContextImpl [Authentication=UsernamePasswordAuthenticationToken [Principal=org.springframework.security.core.userdetails.User [Username=user, Password=[PROTECTED], Enabled=true, AccountNonExpired=true, credentialsNonExpired=true, AccountNonLocked=true, Granted Authorities=[]], Credentials=[PROTECTED], Authenticated=true, Details=WebAuthenticationDetails [RemoteIpAddress=0:0:0:0:0:0:0:1, SessionId=997720968D73003B19ADD90DCEAB23B0], Granted Authorities=[]]]
2023-10-15T09:40:48.644+09:00 DEBUG 23016 --- [http-nio-8080-exec-10] o.s.security.web.FilterChainProxy        : Secured GET /?continue
2023-10-15T09:40:48.861+09:00 DEBUG 23016 --- [http-nio-8080-exec-2] o.s.security.web.FilterChainProxy        : Securing GET /css/common.css
2023-10-15T09:40:48.861+09:00 DEBUG 23016 --- [http-nio-8080-exec-2] w.c.HttpSessionSecurityContextRepository : Retrieved SecurityContextImpl [Authentication=UsernamePasswordAuthenticationToken [Principal=org.springframework.security.core.userdetails.User [Username=user, Password=[PROTECTED], Enabled=true, AccountNonExpired=true, credentialsNonExpired=true, AccountNonLocked=true, Granted Authorities=[]], Credentials=[PROTECTED], Authenticated=true, Details=WebAuthenticationDetails [RemoteIpAddress=0:0:0:0:0:0:0:1, SessionId=997720968D73003B19ADD90DCEAB23B0], Granted Authorities=[]]]
2023-10-15T09:40:48.861+09:00 DEBUG 23016 --- [http-nio-8080-exec-2] o.s.security.web.FilterChainProxy        : Secured GET /css/common.css
2023-10-15T09:40:48.863+09:00 DEBUG 23016 --- [http-nio-8080-exec-3] o.s.security.web.FilterChainProxy        : Securing GET /images/topBanner1.png
2023-10-15T09:40:48.863+09:00 DEBUG 23016 --- [http-nio-8080-exec-1] o.s.security.web.FilterChainProxy        : Securing GET /js/index.js
2023-10-15T09:40:48.863+09:00 DEBUG 23016 --- [http-nio-8080-exec-4] o.s.security.web.FilterChainProxy        : Securing GET /images/header_logo.png
2023-10-15T09:40:48.864+09:00 DEBUG 23016 --- [http-nio-8080-exec-3] w.c.HttpSessionSecurityContextRepository : Retrieved SecurityContextImpl [Authentication=UsernamePasswordAuthenticationToken [Principal=org.springframework.security.core.userdetails.User [Username=user, Password=[PROTECTED], Enabled=true, AccountNonExpired=true, credentialsNonExpired=true, AccountNonLocked=true, Granted Authorities=[]], Credentials=[PROTECTED], Authenticated=true, Details=WebAuthenticationDetails [RemoteIpAddress=0:0:0:0:0:0:0:1, SessionId=997720968D73003B19ADD90DCEAB23B0], Granted Authorities=[]]]
2023-10-15T09:40:48.864+09:00 DEBUG 23016 --- [http-nio-8080-exec-1] w.c.HttpSessionSecurityContextRepository : Retrieved SecurityContextImpl [Authentication=UsernamePasswordAuthenticationToken [Principal=org.springframework.security.core.userdetails.User [Username=user, Password=[PROTECTED], Enabled=true, AccountNonExpired=true, credentialsNonExpired=true, AccountNonLocked=true, Granted Authorities=[]], Credentials=[PROTECTED], Authenticated=true, Details=WebAuthenticationDetails [RemoteIpAddress=0:0:0:0:0:0:0:1, SessionId=997720968D73003B19ADD90DCEAB23B0], Granted Authorities=[]]]
2023-10-15T09:40:48.864+09:00 DEBUG 23016 --- [http-nio-8080-exec-4] w.c.HttpSessionSecurityContextRepository : Retrieved SecurityContextImpl [Authentication=UsernamePasswordAuthenticationToken [Principal=org.springframework.security.core.userdetails.User [Username=user, Password=[PROTECTED], Enabled=true, AccountNonExpired=true, credentialsNonExpired=true, AccountNonLocked=true, Granted Authorities=[]], Credentials=[PROTECTED], Authenticated=true, Details=WebAuthenticationDetails [RemoteIpAddress=0:0:0:0:0:0:0:1, SessionId=997720968D73003B19ADD90DCEAB23B0], Granted Authorities=[]]]
2023-10-15T09:40:48.864+09:00 DEBUG 23016 --- [http-nio-8080-exec-3] o.s.security.web.FilterChainProxy        : Secured GET /images/topBanner1.png
2023-10-15T09:40:48.864+09:00 DEBUG 23016 --- [http-nio-8080-exec-1] o.s.security.web.FilterChainProxy        : Secured GET /js/index.js
2023-10-15T09:40:48.864+09:00 DEBUG 23016 --- [http-nio-8080-exec-4] o.s.security.web.FilterChainProxy        : Secured GET /images/header_logo.png
2023-10-15T09:40:49.141+09:00 DEBUG 23016 --- [http-nio-8080-exec-5] o.s.security.web.FilterChainProxy        : Securing GET /images/footer_logo.png
2023-10-15T09:40:49.141+09:00 DEBUG 23016 --- [http-nio-8080-exec-5] w.c.HttpSessionSecurityContextRepository : Retrieved SecurityContextImpl [Authentication=UsernamePasswordAuthenticationToken [Principal=org.springframework.security.core.userdetails.User [Username=user, Password=[PROTECTED], Enabled=true, AccountNonExpired=true, credentialsNonExpired=true, AccountNonLocked=true, Granted Authorities=[]], Credentials=[PROTECTED], Authenticated=true, Details=WebAuthenticationDetails [RemoteIpAddress=0:0:0:0:0:0:0:1, SessionId=997720968D73003B19ADD90DCEAB23B0], Granted Authorities=[]]]
2023-10-15T09:40:49.141+09:00 DEBUG 23016 --- [http-nio-8080-exec-5] o.s.security.web.FilterChainProxy        : Secured GET /images/footer_logo.png
2023-10-15T09:40:49.145+09:00 DEBUG 23016 --- [http-nio-8080-exec-6] o.s.security.web.FilterChainProxy        : Securing GET /images/ico_sprite.png
2023-10-15T09:40:49.145+09:00 DEBUG 23016 --- [http-nio-8080-exec-6] w.c.HttpSessionSecurityContextRepository : Retrieved SecurityContextImpl [Authentication=UsernamePasswordAuthenticationToken [Principal=org.springframework.security.core.userdetails.User [Username=user, Password=[PROTECTED], Enabled=true, AccountNonExpired=true, credentialsNonExpired=true, AccountNonLocked=true, Granted Authorities=[]], Credentials=[PROTECTED], Authenticated=true, Details=WebAuthenticationDetails [RemoteIpAddress=0:0:0:0:0:0:0:1, SessionId=997720968D73003B19ADD90DCEAB23B0], Granted Authorities=[]]]
2023-10-15T09:40:49.145+09:00 DEBUG 23016 --- [http-nio-8080-exec-6] o.s.security.web.FilterChainProxy        : Secured GET /images/ico_sprite.png
2023-10-15T09:40:49.159+09:00 DEBUG 23016 --- [http-nio-8080-exec-7] o.s.security.web.FilterChainProxy        : Securing GET /images/ico_freeshipping.gif
2023-10-15T09:40:49.159+09:00 DEBUG 23016 --- [http-nio-8080-exec-8] o.s.security.web.FilterChainProxy        : Securing GET /images/top.png
2023-10-15T09:40:49.160+09:00 DEBUG 23016 --- [http-nio-8080-exec-7] w.c.HttpSessionSecurityContextRepository : Retrieved SecurityContextImpl [Authentication=UsernamePasswordAuthenticationToken [Principal=org.springframework.security.core.userdetails.User [Username=user, Password=[PROTECTED], Enabled=true, AccountNonExpired=true, credentialsNonExpired=true, AccountNonLocked=true, Granted Authorities=[]], Credentials=[PROTECTED], Authenticated=true, Details=WebAuthenticationDetails [RemoteIpAddress=0:0:0:0:0:0:0:1, SessionId=997720968D73003B19ADD90DCEAB23B0], Granted Authorities=[]]]
2023-10-15T09:40:49.160+09:00 DEBUG 23016 --- [http-nio-8080-exec-8] w.c.HttpSessionSecurityContextRepository : Retrieved SecurityContextImpl [Authentication=UsernamePasswordAuthenticationToken [Principal=org.springframework.security.core.userdetails.User [Username=user, Password=[PROTECTED], Enabled=true, AccountNonExpired=true, credentialsNonExpired=true, AccountNonLocked=true, Granted Authorities=[]], Credentials=[PROTECTED], Authenticated=true, Details=WebAuthenticationDetails [RemoteIpAddress=0:0:0:0:0:0:0:1, SessionId=997720968D73003B19ADD90DCEAB23B0], Granted Authorities=[]]]
2023-10-15T09:40:49.160+09:00 DEBUG 23016 --- [http-nio-8080-exec-7] o.s.security.web.FilterChainProxy        : Secured GET /images/ico_freeshipping.gif
2023-10-15T09:40:49.160+09:00 DEBUG 23016 --- [http-nio-8080-exec-8] o.s.security.web.FilterChainProxy        : Secured GET /images/top.png
2023-10-15T09:40:49.757+09:00 DEBUG 23016 --- [http-nio-8080-exec-9] o.s.security.web.FilterChainProxy        : Securing GET /images/favicon.ico
2023-10-15T09:40:49.757+09:00 DEBUG 23016 --- [http-nio-8080-exec-9] w.c.HttpSessionSecurityContextRepository : Retrieved SecurityContextImpl [Authentication=UsernamePasswordAuthenticationToken [Principal=org.springframework.security.core.userdetails.User [Username=user, Password=[PROTECTED], Enabled=true, AccountNonExpired=true, credentialsNonExpired=true, AccountNonLocked=true, Granted Authorities=[]], Credentials=[PROTECTED], Authenticated=true, Details=WebAuthenticationDetails [RemoteIpAddress=0:0:0:0:0:0:0:1, SessionId=997720968D73003B19ADD90DCEAB23B0], Granted Authorities=[]]]
2023-10-15T09:40:49.758+09:00 DEBUG 23016 --- [http-nio-8080-exec-9] o.s.security.web.FilterChainProxy        : Secured GET /images/favicon.ico
2023-10-15T11:06:56.496+09:00  INFO 27424 --- [restartedMain] kr.co.lotteon.LotteOnApplication         : Starting LotteOnApplication using Java 17.0.7 with PID 27424 (C:\Users\chhak\Desktop\Workspace\LotteON\build\classes\java\main started by chhak in C:\Users\chhak\Desktop\Workspace\LotteON)
2023-10-15T11:06:56.500+09:00  INFO 27424 --- [restartedMain] kr.co.lotteon.LotteOnApplication         : No active profile set, falling back to 1 default profile: "default"
2023-10-15T11:06:56.551+09:00  INFO 27424 --- [restartedMain] .e.DevToolsPropertyDefaultsPostProcessor : Devtools property defaults active! Set 'spring.devtools.add-properties' to 'false' to disable
2023-10-15T11:06:56.551+09:00  INFO 27424 --- [restartedMain] .e.DevToolsPropertyDefaultsPostProcessor : For additional web related logging consider setting the 'logging.level.web' property to 'DEBUG'
2023-10-15T11:06:57.262+09:00  INFO 27424 --- [restartedMain] .s.d.r.c.RepositoryConfigurationDelegate : Bootstrapping Spring Data JPA repositories in DEFAULT mode.
2023-10-15T11:06:57.319+09:00  INFO 27424 --- [restartedMain] .s.d.r.c.RepositoryConfigurationDelegate : Finished Spring Data repository scanning in 45 ms. Found 1 JPA repository interfaces.
2023-10-15T11:06:57.454+09:00  WARN 27424 --- [restartedMain] o.m.s.mapper.ClassPathMapperScanner      : No MyBatis mapper was found in '[kr.co.lotteon]' package. Please check your configuration.
2023-10-15T11:06:58.040+09:00  INFO 27424 --- [restartedMain] o.s.b.w.embedded.tomcat.TomcatWebServer  : Tomcat initialized with port(s): 8080 (http)
2023-10-15T11:06:58.051+09:00  INFO 27424 --- [restartedMain] o.apache.catalina.core.StandardService   : Starting service [Tomcat]
2023-10-15T11:06:58.051+09:00  INFO 27424 --- [restartedMain] o.apache.catalina.core.StandardEngine    : Starting Servlet engine: [Apache Tomcat/10.1.13]
2023-10-15T11:06:58.130+09:00  INFO 27424 --- [restartedMain] o.a.c.c.C.[.[localhost].[/LotteON]       : Initializing Spring embedded WebApplicationContext
2023-10-15T11:06:58.131+09:00  INFO 27424 --- [restartedMain] w.s.c.ServletWebServerApplicationContext : Root WebApplicationContext: initialization completed in 1579 ms
2023-10-15T11:06:58.330+09:00  INFO 27424 --- [restartedMain] o.hibernate.jpa.internal.util.LogHelper  : HHH000204: Processing PersistenceUnitInfo [name: default]
2023-10-15T11:06:58.406+09:00  INFO 27424 --- [restartedMain] org.hibernate.Version                    : HHH000412: Hibernate ORM core version 6.2.9.Final
2023-10-15T11:06:58.408+09:00  INFO 27424 --- [restartedMain] org.hibernate.cfg.Environment            : HHH000406: Using bytecode reflection optimizer
2023-10-15T11:06:58.549+09:00  INFO 27424 --- [restartedMain] o.h.b.i.BytecodeProviderInitiator        : HHH000021: Bytecode provider name : bytebuddy
2023-10-15T11:06:58.677+09:00  INFO 27424 --- [restartedMain] o.s.o.j.p.SpringPersistenceUnitInfo      : No LoadTimeWeaver setup: ignoring JPA class transformer
2023-10-15T11:06:58.693+09:00  INFO 27424 --- [restartedMain] com.zaxxer.hikari.HikariDataSource       : HikariPool-1 - Starting...
2023-10-15T11:06:58.950+09:00  INFO 27424 --- [restartedMain] com.zaxxer.hikari.pool.HikariPool        : HikariPool-1 - Added connection com.mysql.cj.jdbc.ConnectionImpl@1c726609
2023-10-15T11:06:58.952+09:00  INFO 27424 --- [restartedMain] com.zaxxer.hikari.HikariDataSource       : HikariPool-1 - Start completed.
2023-10-15T11:06:58.971+09:00  WARN 27424 --- [restartedMain] org.hibernate.orm.deprecation            : HHH90000026: MySQL57Dialect has been deprecated; use org.hibernate.dialect.MySQLDialect instead
2023-10-15T11:06:59.137+09:00  INFO 27424 --- [restartedMain] o.h.b.i.BytecodeProviderInitiator        : HHH000021: Bytecode provider name : bytebuddy
2023-10-15T11:06:59.667+09:00  INFO 27424 --- [restartedMain] o.h.e.t.j.p.i.JtaPlatformInitiator       : HHH000490: Using JtaPlatform implementation: [org.hibernate.engine.transaction.jta.platform.internal.NoJtaPlatform]
2023-10-15T11:07:00.252+09:00  INFO 27424 --- [restartedMain] j.LocalContainerEntityManagerFactoryBean : Initialized JPA EntityManagerFactory for persistence unit 'default'
2023-10-15T11:07:00.514+09:00  WARN 27424 --- [restartedMain] ConfigServletWebServerApplicationContext : Exception encountered during context initialization - cancelling refresh attempt: org.springframework.beans.factory.UnsatisfiedDependencyException: Error creating bean with name 'securityUserService': Unsatisfied dependency expressed through field 'repo': Error creating bean with name 'userRepository' defined in kr.co.lotteon.repository.UserRepository defined in @EnableJpaRepositories declared on JpaRepositoriesRegistrar.EnableJpaRepositoriesConfiguration: Could not create query for public abstract java.util.Optional kr.co.lotteon.repository.UserRepository.findByProviderId(java.lang.String); Reason: Failed to create query for method public abstract java.util.Optional kr.co.lotteon.repository.UserRepository.findByProviderId(java.lang.String); No property 'providerId' found for type 'UserEntity'
2023-10-15T11:07:00.514+09:00  INFO 27424 --- [restartedMain] j.LocalContainerEntityManagerFactoryBean : Closing JPA EntityManagerFactory for persistence unit 'default'
2023-10-15T11:07:00.517+09:00  INFO 27424 --- [restartedMain] com.zaxxer.hikari.HikariDataSource       : HikariPool-1 - Shutdown initiated...
2023-10-15T11:07:00.522+09:00  INFO 27424 --- [restartedMain] com.zaxxer.hikari.HikariDataSource       : HikariPool-1 - Shutdown completed.
2023-10-15T11:07:00.523+09:00  INFO 27424 --- [restartedMain] o.apache.catalina.core.StandardService   : Stopping service [Tomcat]
2023-10-15T11:07:00.534+09:00  INFO 27424 --- [restartedMain] .s.b.a.l.ConditionEvaluationReportLogger : 

Error starting ApplicationContext. To display the condition evaluation report re-run your application with 'debug' enabled.
2023-10-15T11:07:00.552+09:00 ERROR 27424 --- [restartedMain] o.s.boot.SpringApplication               : Application run failed

org.springframework.beans.factory.UnsatisfiedDependencyException: Error creating bean with name 'securityUserService': Unsatisfied dependency expressed through field 'repo': Error creating bean with name 'userRepository' defined in kr.co.lotteon.repository.UserRepository defined in @EnableJpaRepositories declared on JpaRepositoriesRegistrar.EnableJpaRepositoriesConfiguration: Could not create query for public abstract java.util.Optional kr.co.lotteon.repository.UserRepository.findByProviderId(java.lang.String); Reason: Failed to create query for method public abstract java.util.Optional kr.co.lotteon.repository.UserRepository.findByProviderId(java.lang.String); No property 'providerId' found for type 'UserEntity'
	at org.springframework.beans.factory.annotation.AutowiredAnnotationBeanPostProcessor$AutowiredFieldElement.resolveFieldValue(AutowiredAnnotationBeanPostProcessor.java:767) ~[spring-beans-6.0.12.jar:6.0.12]
	at org.springframework.beans.factory.annotation.AutowiredAnnotationBeanPostProcessor$AutowiredFieldElement.inject(AutowiredAnnotationBeanPostProcessor.java:747) ~[spring-beans-6.0.12.jar:6.0.12]
	at org.springframework.beans.factory.annotation.InjectionMetadata.inject(InjectionMetadata.java:145) ~[spring-beans-6.0.12.jar:6.0.12]
	at org.springframework.beans.factory.annotation.AutowiredAnnotationBeanPostProcessor.postProcessProperties(AutowiredAnnotationBeanPostProcessor.java:492) ~[spring-beans-6.0.12.jar:6.0.12]
	at org.springframework.beans.factory.support.AbstractAutowireCapableBeanFactory.populateBean(AbstractAutowireCapableBeanFactory.java:1416) ~[spring-beans-6.0.12.jar:6.0.12]
	at org.springframework.beans.factory.support.AbstractAutowireCapableBeanFactory.doCreateBean(AbstractAutowireCapableBeanFactory.java:597) ~[spring-beans-6.0.12.jar:6.0.12]
	at org.springframework.beans.factory.support.AbstractAutowireCapableBeanFactory.createBean(AbstractAutowireCapableBeanFactory.java:520) ~[spring-beans-6.0.12.jar:6.0.12]
	at org.springframework.beans.factory.support.AbstractBeanFactory.lambda$doGetBean$0(AbstractBeanFactory.java:325) ~[spring-beans-6.0.12.jar:6.0.12]
	at org.springframework.beans.factory.support.DefaultSingletonBeanRegistry.getSingleton(DefaultSingletonBeanRegistry.java:234) ~[spring-beans-6.0.12.jar:6.0.12]
	at org.springframework.beans.factory.support.AbstractBeanFactory.doGetBean(AbstractBeanFactory.java:323) ~[spring-beans-6.0.12.jar:6.0.12]
	at org.springframework.beans.factory.support.AbstractBeanFactory.getBean(AbstractBeanFactory.java:199) ~[spring-beans-6.0.12.jar:6.0.12]
	at org.springframework.beans.factory.support.DefaultListableBeanFactory.preInstantiateSingletons(DefaultListableBeanFactory.java:973) ~[spring-beans-6.0.12.jar:6.0.12]
	at org.springframework.context.support.AbstractApplicationContext.finishBeanFactoryInitialization(AbstractApplicationContext.java:942) ~[spring-context-6.0.12.jar:6.0.12]
	at org.springframework.context.support.AbstractApplicationContext.refresh(AbstractApplicationContext.java:608) ~[spring-context-6.0.12.jar:6.0.12]
	at org.springframework.boot.web.servlet.context.ServletWebServerApplicationContext.refresh(ServletWebServerApplicationContext.java:146) ~[spring-boot-3.1.4.jar:3.1.4]
	at org.springframework.boot.SpringApplication.refresh(SpringApplication.java:737) ~[spring-boot-3.1.4.jar:3.1.4]
	at org.springframework.boot.SpringApplication.refreshContext(SpringApplication.java:439) ~[spring-boot-3.1.4.jar:3.1.4]
	at org.springframework.boot.SpringApplication.run(SpringApplication.java:315) ~[spring-boot-3.1.4.jar:3.1.4]
	at org.springframework.boot.SpringApplication.run(SpringApplication.java:1309) ~[spring-boot-3.1.4.jar:3.1.4]
	at org.springframework.boot.SpringApplication.run(SpringApplication.java:1298) ~[spring-boot-3.1.4.jar:3.1.4]
	at kr.co.lotteon.LotteOnApplication.main(LotteOnApplication.java:10) ~[main/:na]
	at java.base/jdk.internal.reflect.NativeMethodAccessorImpl.invoke0(Native Method) ~[na:na]
	at java.base/jdk.internal.reflect.NativeMethodAccessorImpl.invoke(NativeMethodAccessorImpl.java:77) ~[na:na]
	at java.base/jdk.internal.reflect.DelegatingMethodAccessorImpl.invoke(DelegatingMethodAccessorImpl.java:43) ~[na:na]
	at java.base/java.lang.reflect.Method.invoke(Method.java:568) ~[na:na]
	at org.springframework.boot.devtools.restart.RestartLauncher.run(RestartLauncher.java:50) ~[spring-boot-devtools-3.1.4.jar:3.1.4]
Caused by: org.springframework.beans.factory.BeanCreationException: Error creating bean with name 'userRepository' defined in kr.co.lotteon.repository.UserRepository defined in @EnableJpaRepositories declared on JpaRepositoriesRegistrar.EnableJpaRepositoriesConfiguration: Could not create query for public abstract java.util.Optional kr.co.lotteon.repository.UserRepository.findByProviderId(java.lang.String); Reason: Failed to create query for method public abstract java.util.Optional kr.co.lotteon.repository.UserRepository.findByProviderId(java.lang.String); No property 'providerId' found for type 'UserEntity'
	at org.springframework.beans.factory.support.AbstractAutowireCapableBeanFactory.initializeBean(AbstractAutowireCapableBeanFactory.java:1770) ~[spring-beans-6.0.12.jar:6.0.12]
	at org.springframework.beans.factory.support.AbstractAutowireCapableBeanFactory.doCreateBean(AbstractAutowireCapableBeanFactory.java:598) ~[spring-beans-6.0.12.jar:6.0.12]
	at org.springframework.beans.factory.support.AbstractAutowireCapableBeanFactory.createBean(AbstractAutowireCapableBeanFactory.java:520) ~[spring-beans-6.0.12.jar:6.0.12]
	at org.springframework.beans.factory.support.AbstractBeanFactory.lambda$doGetBean$0(AbstractBeanFactory.java:325) ~[spring-beans-6.0.12.jar:6.0.12]
	at org.springframework.beans.factory.support.DefaultSingletonBeanRegistry.getSingleton(DefaultSingletonBeanRegistry.java:234) ~[spring-beans-6.0.12.jar:6.0.12]
	at org.springframework.beans.factory.support.AbstractBeanFactory.doGetBean(AbstractBeanFactory.java:323) ~[spring-beans-6.0.12.jar:6.0.12]
	at org.springframework.beans.factory.support.AbstractBeanFactory.getBean(AbstractBeanFactory.java:199) ~[spring-beans-6.0.12.jar:6.0.12]
	at org.springframework.beans.factory.config.DependencyDescriptor.resolveCandidate(DependencyDescriptor.java:254) ~[spring-beans-6.0.12.jar:6.0.12]
	at org.springframework.beans.factory.support.DefaultListableBeanFactory.doResolveDependency(DefaultListableBeanFactory.java:1417) ~[spring-beans-6.0.12.jar:6.0.12]
	at org.springframework.beans.factory.support.DefaultListableBeanFactory.resolveDependency(DefaultListableBeanFactory.java:1337) ~[spring-beans-6.0.12.jar:6.0.12]
	at org.springframework.beans.factory.annotation.AutowiredAnnotationBeanPostProcessor$AutowiredFieldElement.resolveFieldValue(AutowiredAnnotationBeanPostProcessor.java:764) ~[spring-beans-6.0.12.jar:6.0.12]
	... 25 common frames omitted
Caused by: org.springframework.data.repository.query.QueryCreationException: Could not create query for public abstract java.util.Optional kr.co.lotteon.repository.UserRepository.findByProviderId(java.lang.String); Reason: Failed to create query for method public abstract java.util.Optional kr.co.lotteon.repository.UserRepository.findByProviderId(java.lang.String); No property 'providerId' found for type 'UserEntity'
	at org.springframework.data.repository.query.QueryCreationException.create(QueryCreationException.java:101) ~[spring-data-commons-3.1.4.jar:3.1.4]
	at org.springframework.data.repository.core.support.QueryExecutorMethodInterceptor.lookupQuery(QueryExecutorMethodInterceptor.java:115) ~[spring-data-commons-3.1.4.jar:3.1.4]
	at org.springframework.data.repository.core.support.QueryExecutorMethodInterceptor.mapMethodsToQuery(QueryExecutorMethodInterceptor.java:99) ~[spring-data-commons-3.1.4.jar:3.1.4]
	at org.springframework.data.repository.core.support.QueryExecutorMethodInterceptor.lambda$new$0(QueryExecutorMethodInterceptor.java:88) ~[spring-data-commons-3.1.4.jar:3.1.4]
	at java.base/java.util.Optional.map(Optional.java:260) ~[na:na]
	at org.springframework.data.repository.core.support.QueryExecutorMethodInterceptor.<init>(QueryExecutorMethodInterceptor.java:88) ~[spring-data-commons-3.1.4.jar:3.1.4]
	at org.springframework.data.repository.core.support.RepositoryFactorySupport.getRepository(RepositoryFactorySupport.java:357) ~[spring-data-commons-3.1.4.jar:3.1.4]
	at org.springframework.data.repository.core.support.RepositoryFactoryBeanSupport.lambda$afterPropertiesSet$5(RepositoryFactoryBeanSupport.java:279) ~[spring-data-commons-3.1.4.jar:3.1.4]
	at org.springframework.data.util.Lazy.getNullable(Lazy.java:245) ~[spring-data-commons-3.1.4.jar:3.1.4]
	at org.springframework.data.util.Lazy.get(Lazy.java:114) ~[spring-data-commons-3.1.4.jar:3.1.4]
	at org.springframework.data.repository.core.support.RepositoryFactoryBeanSupport.afterPropertiesSet(RepositoryFactoryBeanSupport.java:285) ~[spring-data-commons-3.1.4.jar:3.1.4]
	at org.springframework.data.jpa.repository.support.JpaRepositoryFactoryBean.afterPropertiesSet(JpaRepositoryFactoryBean.java:132) ~[spring-data-jpa-3.1.4.jar:3.1.4]
	at org.springframework.beans.factory.support.AbstractAutowireCapableBeanFactory.invokeInitMethods(AbstractAutowireCapableBeanFactory.java:1817) ~[spring-beans-6.0.12.jar:6.0.12]
	at org.springframework.beans.factory.support.AbstractAutowireCapableBeanFactory.initializeBean(AbstractAutowireCapableBeanFactory.java:1766) ~[spring-beans-6.0.12.jar:6.0.12]
	... 35 common frames omitted
Caused by: java.lang.IllegalArgumentException: Failed to create query for method public abstract java.util.Optional kr.co.lotteon.repository.UserRepository.findByProviderId(java.lang.String); No property 'providerId' found for type 'UserEntity'
	at org.springframework.data.jpa.repository.query.PartTreeJpaQuery.<init>(PartTreeJpaQuery.java:107) ~[spring-data-jpa-3.1.4.jar:3.1.4]
	at org.springframework.data.jpa.repository.query.JpaQueryLookupStrategy$CreateQueryLookupStrategy.resolveQuery(JpaQueryLookupStrategy.java:124) ~[spring-data-jpa-3.1.4.jar:3.1.4]
	at org.springframework.data.jpa.repository.query.JpaQueryLookupStrategy$CreateIfNotFoundQueryLookupStrategy.resolveQuery(JpaQueryLookupStrategy.java:258) ~[spring-data-jpa-3.1.4.jar:3.1.4]
	at org.springframework.data.jpa.repository.query.JpaQueryLookupStrategy$AbstractQueryLookupStrategy.resolveQuery(JpaQueryLookupStrategy.java:95) ~[spring-data-jpa-3.1.4.jar:3.1.4]
	at org.springframework.data.repository.core.support.QueryExecutorMethodInterceptor.lookupQuery(QueryExecutorMethodInterceptor.java:111) ~[spring-data-commons-3.1.4.jar:3.1.4]
	... 47 common frames omitted
Caused by: org.springframework.data.mapping.PropertyReferenceException: No property 'providerId' found for type 'UserEntity'
	at org.springframework.data.mapping.PropertyPath.<init>(PropertyPath.java:90) ~[spring-data-commons-3.1.4.jar:3.1.4]
	at org.springframework.data.mapping.PropertyPath.create(PropertyPath.java:405) ~[spring-data-commons-3.1.4.jar:3.1.4]
	at org.springframework.data.mapping.PropertyPath.create(PropertyPath.java:381) ~[spring-data-commons-3.1.4.jar:3.1.4]
	at org.springframework.data.mapping.PropertyPath.lambda$from$0(PropertyPath.java:334) ~[spring-data-commons-3.1.4.jar:3.1.4]
	at java.base/java.util.concurrent.ConcurrentMap.computeIfAbsent(ConcurrentMap.java:330) ~[na:na]
	at org.springframework.data.mapping.PropertyPath.from(PropertyPath.java:316) ~[spring-data-commons-3.1.4.jar:3.1.4]
	at org.springframework.data.mapping.PropertyPath.from(PropertyPath.java:299) ~[spring-data-commons-3.1.4.jar:3.1.4]
	at org.springframework.data.repository.query.parser.Part.<init>(Part.java:81) ~[spring-data-commons-3.1.4.jar:3.1.4]
	at org.springframework.data.repository.query.parser.PartTree$OrPart.lambda$new$0(PartTree.java:242) ~[spring-data-commons-3.1.4.jar:3.1.4]
	at java.base/java.util.stream.ReferencePipeline$3$1.accept(ReferencePipeline.java:197) ~[na:na]
	at java.base/java.util.stream.ReferencePipeline$2$1.accept(ReferencePipeline.java:179) ~[na:na]
	at java.base/java.util.Spliterators$ArraySpliterator.forEachRemaining(Spliterators.java:992) ~[na:na]
	at java.base/java.util.stream.AbstractPipeline.copyInto(AbstractPipeline.java:509) ~[na:na]
	at java.base/java.util.stream.AbstractPipeline.wrapAndCopyInto(AbstractPipeline.java:499) ~[na:na]
	at java.base/java.util.stream.ReduceOps$ReduceOp.evaluateSequential(ReduceOps.java:921) ~[na:na]
	at java.base/java.util.stream.AbstractPipeline.evaluate(AbstractPipeline.java:234) ~[na:na]
	at java.base/java.util.stream.ReferencePipeline.collect(ReferencePipeline.java:682) ~[na:na]
	at org.springframework.data.repository.query.parser.PartTree$OrPart.<init>(PartTree.java:243) ~[spring-data-commons-3.1.4.jar:3.1.4]
	at org.springframework.data.repository.query.parser.PartTree$Predicate.lambda$new$0(PartTree.java:372) ~[spring-data-commons-3.1.4.jar:3.1.4]
	at java.base/java.util.stream.ReferencePipeline$3$1.accept(ReferencePipeline.java:197) ~[na:na]
	at java.base/java.util.stream.ReferencePipeline$2$1.accept(ReferencePipeline.java:179) ~[na:na]
	at java.base/java.util.Spliterators$ArraySpliterator.forEachRemaining(Spliterators.java:992) ~[na:na]
	at java.base/java.util.stream.AbstractPipeline.copyInto(AbstractPipeline.java:509) ~[na:na]
	at java.base/java.util.stream.AbstractPipeline.wrapAndCopyInto(AbstractPipeline.java:499) ~[na:na]
	at java.base/java.util.stream.ReduceOps$ReduceOp.evaluateSequential(ReduceOps.java:921) ~[na:na]
	at java.base/java.util.stream.AbstractPipeline.evaluate(AbstractPipeline.java:234) ~[na:na]
	at java.base/java.util.stream.ReferencePipeline.collect(ReferencePipeline.java:682) ~[na:na]
	at org.springframework.data.repository.query.parser.PartTree$Predicate.<init>(PartTree.java:373) ~[spring-data-commons-3.1.4.jar:3.1.4]
	at org.springframework.data.repository.query.parser.PartTree.<init>(PartTree.java:96) ~[spring-data-commons-3.1.4.jar:3.1.4]
	at org.springframework.data.jpa.repository.query.PartTreeJpaQuery.<init>(PartTreeJpaQuery.java:100) ~[spring-data-jpa-3.1.4.jar:3.1.4]
	... 51 common frames omitted

2023-10-15T11:07:23.026+09:00  INFO 17184 --- [restartedMain] kr.co.lotteon.LotteOnApplication         : Starting LotteOnApplication using Java 17.0.7 with PID 17184 (C:\Users\chhak\Desktop\Workspace\LotteON\build\classes\java\main started by chhak in C:\Users\chhak\Desktop\Workspace\LotteON)
2023-10-15T11:07:23.029+09:00  INFO 17184 --- [restartedMain] kr.co.lotteon.LotteOnApplication         : No active profile set, falling back to 1 default profile: "default"
2023-10-15T11:07:23.078+09:00  INFO 17184 --- [restartedMain] .e.DevToolsPropertyDefaultsPostProcessor : Devtools property defaults active! Set 'spring.devtools.add-properties' to 'false' to disable
2023-10-15T11:07:23.078+09:00  INFO 17184 --- [restartedMain] .e.DevToolsPropertyDefaultsPostProcessor : For additional web related logging consider setting the 'logging.level.web' property to 'DEBUG'
2023-10-15T11:07:23.742+09:00  INFO 17184 --- [restartedMain] .s.d.r.c.RepositoryConfigurationDelegate : Bootstrapping Spring Data JPA repositories in DEFAULT mode.
2023-10-15T11:07:23.800+09:00  INFO 17184 --- [restartedMain] .s.d.r.c.RepositoryConfigurationDelegate : Finished Spring Data repository scanning in 47 ms. Found 1 JPA repository interfaces.
2023-10-15T11:07:24.002+09:00  WARN 17184 --- [restartedMain] o.m.s.mapper.ClassPathMapperScanner      : No MyBatis mapper was found in '[kr.co.lotteon]' package. Please check your configuration.
2023-10-15T11:07:24.622+09:00  INFO 17184 --- [restartedMain] o.s.b.w.embedded.tomcat.TomcatWebServer  : Tomcat initialized with port(s): 8080 (http)
2023-10-15T11:07:24.633+09:00  INFO 17184 --- [restartedMain] o.apache.catalina.core.StandardService   : Starting service [Tomcat]
2023-10-15T11:07:24.633+09:00  INFO 17184 --- [restartedMain] o.apache.catalina.core.StandardEngine    : Starting Servlet engine: [Apache Tomcat/10.1.13]
2023-10-15T11:07:24.709+09:00  INFO 17184 --- [restartedMain] o.a.c.c.C.[.[localhost].[/LotteON]       : Initializing Spring embedded WebApplicationContext
2023-10-15T11:07:24.709+09:00  INFO 17184 --- [restartedMain] w.s.c.ServletWebServerApplicationContext : Root WebApplicationContext: initialization completed in 1630 ms
2023-10-15T11:07:24.962+09:00  INFO 17184 --- [restartedMain] o.hibernate.jpa.internal.util.LogHelper  : HHH000204: Processing PersistenceUnitInfo [name: default]
2023-10-15T11:07:25.042+09:00  INFO 17184 --- [restartedMain] org.hibernate.Version                    : HHH000412: Hibernate ORM core version 6.2.9.Final
2023-10-15T11:07:25.045+09:00  INFO 17184 --- [restartedMain] org.hibernate.cfg.Environment            : HHH000406: Using bytecode reflection optimizer
2023-10-15T11:07:25.183+09:00  INFO 17184 --- [restartedMain] o.h.b.i.BytecodeProviderInitiator        : HHH000021: Bytecode provider name : bytebuddy
2023-10-15T11:07:25.311+09:00  INFO 17184 --- [restartedMain] o.s.o.j.p.SpringPersistenceUnitInfo      : No LoadTimeWeaver setup: ignoring JPA class transformer
2023-10-15T11:07:25.326+09:00  INFO 17184 --- [restartedMain] com.zaxxer.hikari.HikariDataSource       : HikariPool-1 - Starting...
2023-10-15T11:07:25.572+09:00  INFO 17184 --- [restartedMain] com.zaxxer.hikari.pool.HikariPool        : HikariPool-1 - Added connection com.mysql.cj.jdbc.ConnectionImpl@1c726609
2023-10-15T11:07:25.575+09:00  INFO 17184 --- [restartedMain] com.zaxxer.hikari.HikariDataSource       : HikariPool-1 - Start completed.
2023-10-15T11:07:25.600+09:00  WARN 17184 --- [restartedMain] org.hibernate.orm.deprecation            : HHH90000026: MySQL57Dialect has been deprecated; use org.hibernate.dialect.MySQLDialect instead
2023-10-15T11:07:25.799+09:00  INFO 17184 --- [restartedMain] o.h.b.i.BytecodeProviderInitiator        : HHH000021: Bytecode provider name : bytebuddy
2023-10-15T11:07:26.329+09:00  INFO 17184 --- [restartedMain] o.h.e.t.j.p.i.JtaPlatformInitiator       : HHH000490: Using JtaPlatform implementation: [org.hibernate.engine.transaction.jta.platform.internal.NoJtaPlatform]
2023-10-15T11:07:26.855+09:00  INFO 17184 --- [restartedMain] j.LocalContainerEntityManagerFactoryBean : Initialized JPA EntityManagerFactory for persistence unit 'default'
2023-10-15T11:07:27.121+09:00  WARN 17184 --- [restartedMain] JpaBaseConfiguration$JpaWebConfiguration : spring.jpa.open-in-view is enabled by default. Therefore, database queries may be performed during view rendering. Explicitly configure spring.jpa.open-in-view to disable this warning
2023-10-15T11:07:27.269+09:00  INFO 17184 --- [restartedMain] o.s.b.a.w.s.WelcomePageHandlerMapping    : Adding welcome page template: index
2023-10-15T11:07:27.420+09:00  WARN 17184 --- [restartedMain] ConfigServletWebServerApplicationContext : Exception encountered during context initialization - cancelling refresh attempt: org.springframework.beans.factory.BeanCreationException: Error creating bean with name 'filterChain' defined in class path resource [kr/co/lotteon/security/SecurityConfiguration.class]: Failed to instantiate [org.springframework.security.web.SecurityFilterChain]: Factory method 'filterChain' threw exception with message: No qualifying bean of type 'org.springframework.security.oauth2.client.registration.ClientRegistrationRepository' available
2023-10-15T11:07:27.420+09:00  INFO 17184 --- [restartedMain] j.LocalContainerEntityManagerFactoryBean : Closing JPA EntityManagerFactory for persistence unit 'default'
2023-10-15T11:07:27.423+09:00  INFO 17184 --- [restartedMain] com.zaxxer.hikari.HikariDataSource       : HikariPool-1 - Shutdown initiated...
2023-10-15T11:07:27.429+09:00  INFO 17184 --- [restartedMain] com.zaxxer.hikari.HikariDataSource       : HikariPool-1 - Shutdown completed.
2023-10-15T11:07:27.432+09:00  INFO 17184 --- [restartedMain] o.apache.catalina.core.StandardService   : Stopping service [Tomcat]
2023-10-15T11:07:27.444+09:00  INFO 17184 --- [restartedMain] .s.b.a.l.ConditionEvaluationReportLogger : 

Error starting ApplicationContext. To display the condition evaluation report re-run your application with 'debug' enabled.
2023-10-15T11:07:27.471+09:00 ERROR 17184 --- [restartedMain] o.s.b.d.LoggingFailureAnalysisReporter   : 

***************************
APPLICATION FAILED TO START
***************************

Description:

Method filterChain in kr.co.lotteon.security.SecurityConfiguration required a bean of type 'org.springframework.security.oauth2.client.registration.ClientRegistrationRepository' that could not be found.


Action:

Consider defining a bean of type 'org.springframework.security.oauth2.client.registration.ClientRegistrationRepository' in your configuration.

2023-10-15T11:08:31.030+09:00  INFO 11960 --- [restartedMain] kr.co.lotteon.LotteOnApplication         : Starting LotteOnApplication using Java 17.0.7 with PID 11960 (C:\Users\chhak\Desktop\Workspace\LotteON\build\classes\java\main started by chhak in C:\Users\chhak\Desktop\Workspace\LotteON)
2023-10-15T11:08:31.033+09:00  INFO 11960 --- [restartedMain] kr.co.lotteon.LotteOnApplication         : No active profile set, falling back to 1 default profile: "default"
2023-10-15T11:08:31.082+09:00  INFO 11960 --- [restartedMain] .e.DevToolsPropertyDefaultsPostProcessor : Devtools property defaults active! Set 'spring.devtools.add-properties' to 'false' to disable
2023-10-15T11:08:31.083+09:00  INFO 11960 --- [restartedMain] .e.DevToolsPropertyDefaultsPostProcessor : For additional web related logging consider setting the 'logging.level.web' property to 'DEBUG'
2023-10-15T11:08:31.742+09:00  INFO 11960 --- [restartedMain] .s.d.r.c.RepositoryConfigurationDelegate : Bootstrapping Spring Data JPA repositories in DEFAULT mode.
2023-10-15T11:08:31.789+09:00  INFO 11960 --- [restartedMain] .s.d.r.c.RepositoryConfigurationDelegate : Finished Spring Data repository scanning in 38 ms. Found 1 JPA repository interfaces.
2023-10-15T11:08:31.911+09:00  WARN 11960 --- [restartedMain] o.m.s.mapper.ClassPathMapperScanner      : No MyBatis mapper was found in '[kr.co.lotteon]' package. Please check your configuration.
2023-10-15T11:08:32.552+09:00  INFO 11960 --- [restartedMain] o.s.b.w.embedded.tomcat.TomcatWebServer  : Tomcat initialized with port(s): 8080 (http)
2023-10-15T11:08:32.562+09:00  INFO 11960 --- [restartedMain] o.apache.catalina.core.StandardService   : Starting service [Tomcat]
2023-10-15T11:08:32.563+09:00  INFO 11960 --- [restartedMain] o.apache.catalina.core.StandardEngine    : Starting Servlet engine: [Apache Tomcat/10.1.13]
2023-10-15T11:08:32.648+09:00  INFO 11960 --- [restartedMain] o.a.c.c.C.[.[localhost].[/LotteON]       : Initializing Spring embedded WebApplicationContext
2023-10-15T11:08:32.649+09:00  INFO 11960 --- [restartedMain] w.s.c.ServletWebServerApplicationContext : Root WebApplicationContext: initialization completed in 1565 ms
2023-10-15T11:08:32.861+09:00  INFO 11960 --- [restartedMain] o.hibernate.jpa.internal.util.LogHelper  : HHH000204: Processing PersistenceUnitInfo [name: default]
2023-10-15T11:08:32.925+09:00  INFO 11960 --- [restartedMain] org.hibernate.Version                    : HHH000412: Hibernate ORM core version 6.2.9.Final
2023-10-15T11:08:32.927+09:00  INFO 11960 --- [restartedMain] org.hibernate.cfg.Environment            : HHH000406: Using bytecode reflection optimizer
2023-10-15T11:08:33.070+09:00  INFO 11960 --- [restartedMain] o.h.b.i.BytecodeProviderInitiator        : HHH000021: Bytecode provider name : bytebuddy
2023-10-15T11:08:33.204+09:00  INFO 11960 --- [restartedMain] o.s.o.j.p.SpringPersistenceUnitInfo      : No LoadTimeWeaver setup: ignoring JPA class transformer
2023-10-15T11:08:33.219+09:00  INFO 11960 --- [restartedMain] com.zaxxer.hikari.HikariDataSource       : HikariPool-1 - Starting...
2023-10-15T11:08:33.456+09:00  INFO 11960 --- [restartedMain] com.zaxxer.hikari.pool.HikariPool        : HikariPool-1 - Added connection com.mysql.cj.jdbc.ConnectionImpl@35fff51
2023-10-15T11:08:33.458+09:00  INFO 11960 --- [restartedMain] com.zaxxer.hikari.HikariDataSource       : HikariPool-1 - Start completed.
2023-10-15T11:08:33.477+09:00  WARN 11960 --- [restartedMain] org.hibernate.orm.deprecation            : HHH90000026: MySQL57Dialect has been deprecated; use org.hibernate.dialect.MySQLDialect instead
2023-10-15T11:08:33.649+09:00  INFO 11960 --- [restartedMain] o.h.b.i.BytecodeProviderInitiator        : HHH000021: Bytecode provider name : bytebuddy
2023-10-15T11:08:34.180+09:00  INFO 11960 --- [restartedMain] o.h.e.t.j.p.i.JtaPlatformInitiator       : HHH000490: Using JtaPlatform implementation: [org.hibernate.engine.transaction.jta.platform.internal.NoJtaPlatform]
2023-10-15T11:08:34.669+09:00  INFO 11960 --- [restartedMain] j.LocalContainerEntityManagerFactoryBean : Initialized JPA EntityManagerFactory for persistence unit 'default'
2023-10-15T11:08:34.927+09:00  WARN 11960 --- [restartedMain] JpaBaseConfiguration$JpaWebConfiguration : spring.jpa.open-in-view is enabled by default. Therefore, database queries may be performed during view rendering. Explicitly configure spring.jpa.open-in-view to disable this warning
2023-10-15T11:08:35.076+09:00  INFO 11960 --- [restartedMain] o.s.b.a.w.s.WelcomePageHandlerMapping    : Adding welcome page template: index
2023-10-15T11:08:35.235+09:00  INFO 11960 --- [restartedMain] o.s.s.web.DefaultSecurityFilterChain     : Will secure any request with [org.springframework.security.web.session.DisableEncodeUrlFilter@68178ebe, org.springframework.security.web.context.request.async.WebAsyncManagerIntegrationFilter@3ba2b353, org.springframework.security.web.context.SecurityContextHolderFilter@671f81bd, org.springframework.security.web.header.HeaderWriterFilter@7763b132, org.springframework.security.web.authentication.logout.LogoutFilter@626fd86f, org.springframework.security.web.authentication.UsernamePasswordAuthenticationFilter@51156314, org.springframework.security.web.savedrequest.RequestCacheAwareFilter@6e2f16ba, org.springframework.security.web.servletapi.SecurityContextHolderAwareRequestFilter@733fe929, org.springframework.security.web.authentication.AnonymousAuthenticationFilter@1abe73e1, org.springframework.security.web.access.ExceptionTranslationFilter@9552a37, org.springframework.security.web.access.intercept.AuthorizationFilter@4f939eb9]
2023-10-15T11:08:35.570+09:00  INFO 11960 --- [restartedMain] o.s.b.d.a.OptionalLiveReloadServer       : LiveReload server is running on port 35729
2023-10-15T11:08:35.602+09:00  INFO 11960 --- [restartedMain] o.s.b.w.embedded.tomcat.TomcatWebServer  : Tomcat started on port(s): 8080 (http) with context path '/LotteON'
2023-10-15T11:08:35.611+09:00  INFO 11960 --- [restartedMain] kr.co.lotteon.LotteOnApplication         : Started LotteOnApplication in 4.977 seconds (process running for 5.421)
2023-10-15T11:08:52.215+09:00  INFO 11960 --- [http-nio-8080-exec-8] o.a.c.c.C.[.[localhost].[/LotteON]       : Initializing Spring DispatcherServlet 'dispatcherServlet'
2023-10-15T11:08:52.216+09:00  INFO 11960 --- [http-nio-8080-exec-8] o.s.web.servlet.DispatcherServlet        : Initializing Servlet 'dispatcherServlet'
2023-10-15T11:08:52.217+09:00  INFO 11960 --- [http-nio-8080-exec-8] o.s.web.servlet.DispatcherServlet        : Completed initialization in 1 ms
2023-10-15T11:08:52.222+09:00 DEBUG 11960 --- [http-nio-8080-exec-8] o.s.security.web.FilterChainProxy        : Securing GET /
2023-10-15T11:08:52.237+09:00 DEBUG 11960 --- [http-nio-8080-exec-8] o.s.security.web.FilterChainProxy        : Secured GET /
2023-10-15T11:08:52.408+09:00 DEBUG 11960 --- [http-nio-8080-exec-8] o.s.s.w.a.AnonymousAuthenticationFilter  : Set SecurityContextHolder to anonymous SecurityContext
2023-10-15T11:08:52.410+09:00 DEBUG 11960 --- [http-nio-8080-exec-9] o.s.security.web.FilterChainProxy        : Securing GET /css/common.css
2023-10-15T11:08:52.413+09:00 DEBUG 11960 --- [http-nio-8080-exec-1] o.s.security.web.FilterChainProxy        : Securing GET /images/topBanner1.png
2023-10-15T11:08:52.413+09:00 DEBUG 11960 --- [http-nio-8080-exec-2] o.s.security.web.FilterChainProxy        : Securing GET /images/header_logo.png
2023-10-15T11:08:52.413+09:00 DEBUG 11960 --- [http-nio-8080-exec-10] o.s.security.web.FilterChainProxy        : Securing GET /js/index.js
2023-10-15T11:08:52.415+09:00 DEBUG 11960 --- [http-nio-8080-exec-9] o.s.security.web.FilterChainProxy        : Secured GET /css/common.css
2023-10-15T11:08:52.416+09:00 DEBUG 11960 --- [http-nio-8080-exec-10] o.s.security.web.FilterChainProxy        : Secured GET /js/index.js
2023-10-15T11:08:52.416+09:00 DEBUG 11960 --- [http-nio-8080-exec-1] o.s.security.web.FilterChainProxy        : Secured GET /images/topBanner1.png
2023-10-15T11:08:52.417+09:00 DEBUG 11960 --- [http-nio-8080-exec-2] o.s.security.web.FilterChainProxy        : Secured GET /images/header_logo.png
2023-10-15T11:08:52.426+09:00 DEBUG 11960 --- [http-nio-8080-exec-9] o.s.s.w.a.AnonymousAuthenticationFilter  : Set SecurityContextHolder to anonymous SecurityContext
2023-10-15T11:08:52.426+09:00 DEBUG 11960 --- [http-nio-8080-exec-2] o.s.s.w.a.AnonymousAuthenticationFilter  : Set SecurityContextHolder to anonymous SecurityContext
2023-10-15T11:08:52.426+09:00 DEBUG 11960 --- [http-nio-8080-exec-10] o.s.s.w.a.AnonymousAuthenticationFilter  : Set SecurityContextHolder to anonymous SecurityContext
2023-10-15T11:08:52.427+09:00 DEBUG 11960 --- [http-nio-8080-exec-1] o.s.s.w.a.AnonymousAuthenticationFilter  : Set SecurityContextHolder to anonymous SecurityContext
2023-10-15T11:08:52.669+09:00 DEBUG 11960 --- [http-nio-8080-exec-3] o.s.security.web.FilterChainProxy        : Securing GET /images/footer_logo.png
2023-10-15T11:08:52.671+09:00 DEBUG 11960 --- [http-nio-8080-exec-3] o.s.security.web.FilterChainProxy        : Secured GET /images/footer_logo.png
2023-10-15T11:08:52.673+09:00 DEBUG 11960 --- [http-nio-8080-exec-4] o.s.security.web.FilterChainProxy        : Securing GET /images/ico_sprite.png
2023-10-15T11:08:52.674+09:00 DEBUG 11960 --- [http-nio-8080-exec-3] o.s.s.w.a.AnonymousAuthenticationFilter  : Set SecurityContextHolder to anonymous SecurityContext
2023-10-15T11:08:52.675+09:00 DEBUG 11960 --- [http-nio-8080-exec-4] o.s.security.web.FilterChainProxy        : Secured GET /images/ico_sprite.png
2023-10-15T11:08:52.679+09:00 DEBUG 11960 --- [http-nio-8080-exec-4] o.s.s.w.a.AnonymousAuthenticationFilter  : Set SecurityContextHolder to anonymous SecurityContext
2023-10-15T11:08:52.681+09:00 DEBUG 11960 --- [http-nio-8080-exec-5] o.s.security.web.FilterChainProxy        : Securing GET /images/ico_freeshipping.gif
2023-10-15T11:08:52.681+09:00 DEBUG 11960 --- [http-nio-8080-exec-6] o.s.security.web.FilterChainProxy        : Securing GET /images/top.png
2023-10-15T11:08:52.683+09:00 DEBUG 11960 --- [http-nio-8080-exec-5] o.s.security.web.FilterChainProxy        : Secured GET /images/ico_freeshipping.gif
2023-10-15T11:08:52.684+09:00 DEBUG 11960 --- [http-nio-8080-exec-6] o.s.security.web.FilterChainProxy        : Secured GET /images/top.png
2023-10-15T11:08:52.687+09:00 DEBUG 11960 --- [http-nio-8080-exec-5] o.s.s.w.a.AnonymousAuthenticationFilter  : Set SecurityContextHolder to anonymous SecurityContext
2023-10-15T11:08:52.687+09:00 DEBUG 11960 --- [http-nio-8080-exec-6] o.s.s.w.a.AnonymousAuthenticationFilter  : Set SecurityContextHolder to anonymous SecurityContext
2023-10-15T11:09:10.542+09:00  INFO 11960 --- [File Watcher] rtingClassPathChangeChangedEventListener : Restarting due to 1 class path change (0 additions, 1 deletion, 0 modifications)
2023-10-15T11:09:10.557+09:00  INFO 11960 --- [Thread-5] o.apache.catalina.core.StandardService   : Stopping service [Tomcat]
2023-10-15T11:09:10.559+09:00  INFO 11960 --- [Thread-5] o.a.c.c.C.[.[localhost].[/LotteON]       : Destroying Spring FrameworkServlet 'dispatcherServlet'
2023-10-15T11:09:10.566+09:00  INFO 11960 --- [Thread-5] j.LocalContainerEntityManagerFactoryBean : Closing JPA EntityManagerFactory for persistence unit 'default'
2023-10-15T11:09:10.569+09:00  INFO 11960 --- [Thread-5] com.zaxxer.hikari.HikariDataSource       : HikariPool-1 - Shutdown initiated...
2023-10-15T11:09:10.578+09:00  INFO 11960 --- [Thread-5] com.zaxxer.hikari.HikariDataSource       : HikariPool-1 - Shutdown completed.
2023-10-15T11:09:10.738+09:00  INFO 11960 --- [restartedMain] kr.co.lotteon.LotteOnApplication         : Starting LotteOnApplication using Java 17.0.7 with PID 11960 (C:\Users\chhak\Desktop\Workspace\LotteON\build\classes\java\main started by chhak in C:\Users\chhak\Desktop\Workspace\LotteON)
2023-10-15T11:09:10.739+09:00  INFO 11960 --- [restartedMain] kr.co.lotteon.LotteOnApplication         : No active profile set, falling back to 1 default profile: "default"
2023-10-15T11:09:11.021+09:00  INFO 11960 --- [restartedMain] .s.d.r.c.RepositoryConfigurationDelegate : Bootstrapping Spring Data JPA repositories in DEFAULT mode.
2023-10-15T11:09:11.034+09:00  INFO 11960 --- [restartedMain] .s.d.r.c.RepositoryConfigurationDelegate : Finished Spring Data repository scanning in 11 ms. Found 1 JPA repository interfaces.
2023-10-15T11:09:11.091+09:00  WARN 11960 --- [restartedMain] o.m.s.mapper.ClassPathMapperScanner      : No MyBatis mapper was found in '[kr.co.lotteon]' package. Please check your configuration.
2023-10-15T11:09:11.161+09:00  INFO 11960 --- [restartedMain] o.s.b.w.embedded.tomcat.TomcatWebServer  : Tomcat initialized with port(s): 8080 (http)
2023-10-15T11:09:11.162+09:00  INFO 11960 --- [restartedMain] o.apache.catalina.core.StandardService   : Starting service [Tomcat]
2023-10-15T11:09:11.163+09:00  INFO 11960 --- [restartedMain] o.apache.catalina.core.StandardEngine    : Starting Servlet engine: [Apache Tomcat/10.1.13]
2023-10-15T11:09:11.205+09:00  INFO 11960 --- [restartedMain] o.a.c.c.C.[.[localhost].[/LotteON]       : Initializing Spring embedded WebApplicationContext
2023-10-15T11:09:11.206+09:00  INFO 11960 --- [restartedMain] w.s.c.ServletWebServerApplicationContext : Root WebApplicationContext: initialization completed in 463 ms
2023-10-15T11:09:11.243+09:00  INFO 11960 --- [restartedMain] o.hibernate.jpa.internal.util.LogHelper  : HHH000204: Processing PersistenceUnitInfo [name: default]
2023-10-15T11:09:11.258+09:00  INFO 11960 --- [restartedMain] o.h.b.i.BytecodeProviderInitiator        : HHH000021: Bytecode provider name : bytebuddy
2023-10-15T11:09:11.258+09:00  INFO 11960 --- [restartedMain] o.s.o.j.p.SpringPersistenceUnitInfo      : No LoadTimeWeaver setup: ignoring JPA class transformer
2023-10-15T11:09:11.260+09:00  INFO 11960 --- [restartedMain] com.zaxxer.hikari.HikariDataSource       : HikariPool-2 - Starting...
2023-10-15T11:09:11.363+09:00  INFO 11960 --- [restartedMain] com.zaxxer.hikari.pool.HikariPool        : HikariPool-2 - Added connection com.mysql.cj.jdbc.ConnectionImpl@3cb4ef04
2023-10-15T11:09:11.363+09:00  INFO 11960 --- [restartedMain] com.zaxxer.hikari.HikariDataSource       : HikariPool-2 - Start completed.
2023-10-15T11:09:11.364+09:00  WARN 11960 --- [restartedMain] org.hibernate.orm.deprecation            : HHH90000026: MySQL57Dialect has been deprecated; use org.hibernate.dialect.MySQLDialect instead
2023-10-15T11:09:11.373+09:00  INFO 11960 --- [restartedMain] o.h.b.i.BytecodeProviderInitiator        : HHH000021: Bytecode provider name : bytebuddy
2023-10-15T11:09:11.399+09:00  INFO 11960 --- [restartedMain] o.h.e.t.j.p.i.JtaPlatformInitiator       : HHH000490: Using JtaPlatform implementation: [org.hibernate.engine.transaction.jta.platform.internal.NoJtaPlatform]
2023-10-15T11:09:11.801+09:00  INFO 11960 --- [restartedMain] j.LocalContainerEntityManagerFactoryBean : Initialized JPA EntityManagerFactory for persistence unit 'default'
2023-10-15T11:09:11.859+09:00  WARN 11960 --- [restartedMain] JpaBaseConfiguration$JpaWebConfiguration : spring.jpa.open-in-view is enabled by default. Therefore, database queries may be performed during view rendering. Explicitly configure spring.jpa.open-in-view to disable this warning
2023-10-15T11:09:11.881+09:00  INFO 11960 --- [restartedMain] o.s.b.a.w.s.WelcomePageHandlerMapping    : Adding welcome page template: index
2023-10-15T11:09:11.920+09:00  INFO 11960 --- [restartedMain] o.s.s.web.DefaultSecurityFilterChain     : Will secure any request with [org.springframework.security.web.session.DisableEncodeUrlFilter@5d79cad8, org.springframework.security.web.context.request.async.WebAsyncManagerIntegrationFilter@7dd5be71, org.springframework.security.web.context.SecurityContextHolderFilter@608a48c0, org.springframework.security.web.header.HeaderWriterFilter@2c8b7cc5, org.springframework.security.web.authentication.logout.LogoutFilter@c89ab76, org.springframework.security.web.authentication.UsernamePasswordAuthenticationFilter@3a535bf5, org.springframework.security.web.savedrequest.RequestCacheAwareFilter@1144f51f, org.springframework.security.web.servletapi.SecurityContextHolderAwareRequestFilter@49ed089c, org.springframework.security.web.authentication.AnonymousAuthenticationFilter@3e235155, org.springframework.security.web.access.ExceptionTranslationFilter@79c426a5, org.springframework.security.web.access.intercept.AuthorizationFilter@1c6a1038]
2023-10-15T11:09:11.968+09:00  INFO 11960 --- [restartedMain] o.s.b.d.a.OptionalLiveReloadServer       : LiveReload server is running on port 35729
2023-10-15T11:09:11.976+09:00  INFO 11960 --- [restartedMain] o.s.b.w.embedded.tomcat.TomcatWebServer  : Tomcat started on port(s): 8080 (http) with context path '/LotteON'
2023-10-15T11:09:11.979+09:00  INFO 11960 --- [restartedMain] kr.co.lotteon.LotteOnApplication         : Started LotteOnApplication in 1.294 seconds (process running for 41.789)
2023-10-15T11:09:11.981+09:00  INFO 11960 --- [restartedMain] .ConditionEvaluationDeltaLoggingListener : Condition evaluation unchanged
2023-10-15T11:09:13.458+09:00  INFO 11960 --- [File Watcher] rtingClassPathChangeChangedEventListener : Restarting due to 1 class path change (1 addition, 0 deletions, 0 modifications)
2023-10-15T11:09:13.468+09:00  INFO 11960 --- [Thread-7] o.apache.catalina.core.StandardService   : Stopping service [Tomcat]
2023-10-15T11:09:13.471+09:00  INFO 11960 --- [Thread-7] j.LocalContainerEntityManagerFactoryBean : Closing JPA EntityManagerFactory for persistence unit 'default'
2023-10-15T11:09:13.472+09:00  INFO 11960 --- [Thread-7] com.zaxxer.hikari.HikariDataSource       : HikariPool-2 - Shutdown initiated...
2023-10-15T11:09:13.473+09:00  INFO 11960 --- [Thread-7] com.zaxxer.hikari.HikariDataSource       : HikariPool-2 - Shutdown completed.
2023-10-15T11:09:13.584+09:00  INFO 11960 --- [restartedMain] kr.co.lotteon.LotteOnApplication         : Starting LotteOnApplication using Java 17.0.7 with PID 11960 (C:\Users\chhak\Desktop\Workspace\LotteON\build\classes\java\main started by chhak in C:\Users\chhak\Desktop\Workspace\LotteON)
2023-10-15T11:09:13.584+09:00  INFO 11960 --- [restartedMain] kr.co.lotteon.LotteOnApplication         : No active profile set, falling back to 1 default profile: "default"
2023-10-15T11:09:13.794+09:00  INFO 11960 --- [restartedMain] .s.d.r.c.RepositoryConfigurationDelegate : Bootstrapping Spring Data JPA repositories in DEFAULT mode.
2023-10-15T11:09:13.803+09:00  INFO 11960 --- [restartedMain] .s.d.r.c.RepositoryConfigurationDelegate : Finished Spring Data repository scanning in 9 ms. Found 1 JPA repository interfaces.
2023-10-15T11:09:13.839+09:00  WARN 11960 --- [restartedMain] o.m.s.mapper.ClassPathMapperScanner      : No MyBatis mapper was found in '[kr.co.lotteon]' package. Please check your configuration.
2023-10-15T11:09:13.912+09:00  INFO 11960 --- [restartedMain] o.s.b.w.embedded.tomcat.TomcatWebServer  : Tomcat initialized with port(s): 8080 (http)
2023-10-15T11:09:13.912+09:00  INFO 11960 --- [restartedMain] o.apache.catalina.core.StandardService   : Starting service [Tomcat]
2023-10-15T11:09:13.913+09:00  INFO 11960 --- [restartedMain] o.apache.catalina.core.StandardEngine    : Starting Servlet engine: [Apache Tomcat/10.1.13]
2023-10-15T11:09:13.941+09:00  INFO 11960 --- [restartedMain] o.a.c.c.C.[.[localhost].[/LotteON]       : Initializing Spring embedded WebApplicationContext
2023-10-15T11:09:13.942+09:00  INFO 11960 --- [restartedMain] w.s.c.ServletWebServerApplicationContext : Root WebApplicationContext: initialization completed in 354 ms
2023-10-15T11:09:13.968+09:00  INFO 11960 --- [restartedMain] o.hibernate.jpa.internal.util.LogHelper  : HHH000204: Processing PersistenceUnitInfo [name: default]
2023-10-15T11:09:13.980+09:00  INFO 11960 --- [restartedMain] o.h.b.i.BytecodeProviderInitiator        : HHH000021: Bytecode provider name : bytebuddy
2023-10-15T11:09:13.980+09:00  INFO 11960 --- [restartedMain] o.s.o.j.p.SpringPersistenceUnitInfo      : No LoadTimeWeaver setup: ignoring JPA class transformer
2023-10-15T11:09:13.982+09:00  INFO 11960 --- [restartedMain] com.zaxxer.hikari.HikariDataSource       : HikariPool-3 - Starting...
2023-10-15T11:09:14.086+09:00  INFO 11960 --- [restartedMain] com.zaxxer.hikari.pool.HikariPool        : HikariPool-3 - Added connection com.mysql.cj.jdbc.ConnectionImpl@14376a64
2023-10-15T11:09:14.086+09:00  INFO 11960 --- [restartedMain] com.zaxxer.hikari.HikariDataSource       : HikariPool-3 - Start completed.
2023-10-15T11:09:14.087+09:00  WARN 11960 --- [restartedMain] org.hibernate.orm.deprecation            : HHH90000026: MySQL57Dialect has been deprecated; use org.hibernate.dialect.MySQLDialect instead
2023-10-15T11:09:14.096+09:00  INFO 11960 --- [restartedMain] o.h.b.i.BytecodeProviderInitiator        : HHH000021: Bytecode provider name : bytebuddy
2023-10-15T11:09:14.119+09:00  INFO 11960 --- [restartedMain] o.h.e.t.j.p.i.JtaPlatformInitiator       : HHH000490: Using JtaPlatform implementation: [org.hibernate.engine.transaction.jta.platform.internal.NoJtaPlatform]
2023-10-15T11:09:14.533+09:00  INFO 11960 --- [restartedMain] j.LocalContainerEntityManagerFactoryBean : Initialized JPA EntityManagerFactory for persistence unit 'default'
2023-10-15T11:09:14.574+09:00  WARN 11960 --- [restartedMain] JpaBaseConfiguration$JpaWebConfiguration : spring.jpa.open-in-view is enabled by default. Therefore, database queries may be performed during view rendering. Explicitly configure spring.jpa.open-in-view to disable this warning
2023-10-15T11:09:14.588+09:00  INFO 11960 --- [restartedMain] o.s.b.a.w.s.WelcomePageHandlerMapping    : Adding welcome page template: index
2023-10-15T11:09:14.617+09:00  INFO 11960 --- [restartedMain] o.s.s.web.DefaultSecurityFilterChain     : Will secure any request with [org.springframework.security.web.session.DisableEncodeUrlFilter@59fab6e4, org.springframework.security.web.context.request.async.WebAsyncManagerIntegrationFilter@22982251, org.springframework.security.web.context.SecurityContextHolderFilter@76f7f93, org.springframework.security.web.header.HeaderWriterFilter@282d4cfe, org.springframework.security.web.authentication.logout.LogoutFilter@51db449, org.springframework.security.web.authentication.UsernamePasswordAuthenticationFilter@3429e60c, org.springframework.security.web.savedrequest.RequestCacheAwareFilter@77f8dfb1, org.springframework.security.web.servletapi.SecurityContextHolderAwareRequestFilter@3bfa2e2e, org.springframework.security.web.authentication.AnonymousAuthenticationFilter@3de03c06, org.springframework.security.web.access.ExceptionTranslationFilter@6d842941, org.springframework.security.web.access.intercept.AuthorizationFilter@31ade364]
2023-10-15T11:09:14.651+09:00  INFO 11960 --- [restartedMain] o.s.b.d.a.OptionalLiveReloadServer       : LiveReload server is running on port 35729
2023-10-15T11:09:14.658+09:00  INFO 11960 --- [restartedMain] o.s.b.w.embedded.tomcat.TomcatWebServer  : Tomcat started on port(s): 8080 (http) with context path '/LotteON'
2023-10-15T11:09:14.661+09:00  INFO 11960 --- [restartedMain] kr.co.lotteon.LotteOnApplication         : Started LotteOnApplication in 1.107 seconds (process running for 44.471)
2023-10-15T11:09:14.662+09:00  INFO 11960 --- [restartedMain] .ConditionEvaluationDeltaLoggingListener : Condition evaluation unchanged
